Exception in thread "AWT-EventQueue-0" java.lang.NullPointerException
	at javax.swing.plaf.synth.SynthLookAndFeel.paintRegion(Unknown Source)
	at javax.swing.plaf.synth.SynthLookAndFeel.update(Unknown Source)
	at javax.swing.plaf.synth.SynthListUI.update(Unknown Source)
	at javax.swing.JComponent.paintComponent(Unknown Source)
	at javax.swing.JComponent.paint(Unknown Source)
	at javax.swing.JComponent.paintToOffscreen(Unknown Source)
	at javax.swing.RepaintManager$PaintManager.paintDoubleBuffered(Unknown Source)
	at javax.swing.RepaintManager$PaintManager.paint(Unknown Source)
	at javax.swing.RepaintManager.paint(Unknown Source)
	at javax.swing.JComponent._paintImmediately(Unknown Source)
	at javax.swing.JComponent.paintImmediately(Unknown Source)
	at javax.swing.RepaintManager$4.run(Unknown Source)
	at javax.swing.RepaintManager$4.run(Unknown Source)
	at java.security.AccessController.doPrivileged(Native Method)
	at java.security.ProtectionDomain$JavaSecurityAccessImpl.doIntersectionPrivilege(Unknown Source)
	at javax.swing.RepaintManager.paintDirtyRegions(Unknown Source)
	at javax.swing.RepaintManager.paintDirtyRegions(Unknown Source)
	at javax.swing.RepaintManager.prePaintDirtyRegions(Unknown Source)
	at javax.swing.RepaintManager.access$1200(Unknown Source)
	at javax.swing.RepaintManager$ProcessingRunnable.run(Unknown Source)
	at java.awt.event.InvocationEvent.dispatch(Unknown Source)
	at java.awt.EventQueue.dispatchEventImpl(Unknown Source)
	at java.awt.EventQueue.access$500(Unknown Source)
	at java.awt.EventQueue$3.run(Unknown Source)
	at java.awt.EventQueue$3.run(Unknown Source)
	at java.security.AccessController.doPrivileged(Native Method)
	at java.security.ProtectionDomain$JavaSecurityAccessImpl.doIntersectionPrivilege(Unknown Source)
	at java.awt.EventQueue.dispatchEvent(Unknown Source)
	at java.awt.EventDispatchThread.pumpOneEventForFilters(Unknown Source)
	at java.awt.EventDispatchThread.pumpEventsForFilter(Unknown Source)
	at java.awt.EventDispatchThread.pumpEventsForHierarchy(Unknown Source)
	at java.awt.EventDispatchThread.pumpEvents(Unknown Source)
	at java.awt.EventDispatchThread.pumpEvents(Unknown Source)
	at java.awt.EventDispatchThread.run(Unknown Source)
Exception in thread "AWT-EventQueue-0" java.lang.NullPointerException
	at javax.swing.plaf.synth.SynthDefaultLookup.getDefault(Unknown Source)
	at sun.swing.DefaultLookup.get(Unknown Source)
	at sun.swing.DefaultLookup.getBorder(Unknown Source)
	at sun.swing.DefaultLookup.getBorder(Unknown Source)
	at javax.swing.DefaultListCellRenderer.getNoFocusBorder(Unknown Source)
	at javax.swing.DefaultListCellRenderer.getListCellRendererComponent(Unknown Source)
	at javax.swing.plaf.synth.SynthListUI$SynthListCellRenderer.getListCellRendererComponent(Unknown Source)
	at javax.swing.plaf.basic.BasicListUI.updateLayoutState(Unknown Source)
	at javax.swing.plaf.basic.BasicListUI.maybeUpdateLayoutState(Unknown Source)
	at javax.swing.plaf.basic.BasicListUI.getPreferredSize(Unknown Source)
	at javax.swing.JComponent.getPreferredSize(Unknown Source)
	at javax.swing.ScrollPaneLayout.layoutContainer(Unknown Source)
	at java.awt.Container.layout(Unknown Source)
	at java.awt.Container.doLayout(Unknown Source)
	at java.awt.Container.validateTree(Unknown Source)
	at java.awt.Container.validate(Unknown Source)
	at javax.swing.RepaintManager$3.run(Unknown Source)
	at javax.swing.RepaintManager$3.run(Unknown Source)
	at java.security.AccessController.doPrivileged(Native Method)
	at java.security.ProtectionDomain$JavaSecurityAccessImpl.doIntersectionPrivilege(Unknown Source)
	at javax.swing.RepaintManager.validateInvalidComponents(Unknown Source)
	at javax.swing.RepaintManager$ProcessingRunnable.run(Unknown Source)
	at java.awt.event.InvocationEvent.dispatch(Unknown Source)
	at java.awt.EventQueue.dispatchEventImpl(Unknown Source)
	at java.awt.EventQueue.access$500(Unknown Source)
	at java.awt.EventQueue$3.run(Unknown Source)
	at java.awt.EventQueue$3.run(Unknown Source)
	at java.security.AccessController.doPrivileged(Native Method)
	at java.security.ProtectionDomain$JavaSecurityAccessImpl.doIntersectionPrivilege(Unknown Source)
	at java.awt.EventQueue.dispatchEvent(Unknown Source)
	at java.awt.EventDispatchThread.pumpOneEventForFilters(Unknown Source)
	at java.awt.EventDispatchThread.pumpEventsForFilter(Unknown Source)
	at java.awt.EventDispatchThread.pumpEventsForHierarchy(Unknown Source)
	at java.awt.EventDispatchThread.pumpEvents(Unknown Source)
	at java.awt.EventDispatchThread.pumpEvents(Unknown Source)
	at java.awt.EventDispatchThread.run(Unknown Source)
Exception in thread "AWT-EventQueue-0" java.lang.NullPointerException
	at javax.swing.plaf.synth.SynthDefaultLookup.getDefault(Unknown Source)
	at sun.swing.DefaultLookup.get(Unknown Source)
	at sun.swing.DefaultLookup.getBorder(Unknown Source)
	at sun.swing.DefaultLookup.getBorder(Unknown Source)
	at javax.swing.DefaultListCellRenderer.getNoFocusBorder(Unknown Source)
	at javax.swing.DefaultListCellRenderer.getListCellRendererComponent(Unknown Source)
	at javax.swing.plaf.synth.SynthListUI$SynthListCellRenderer.getListCellRendererComponent(Unknown Source)
	at javax.swing.plaf.basic.BasicListUI.updateLayoutState(Unknown Source)
	at javax.swing.plaf.basic.BasicListUI.maybeUpdateLayoutState(Unknown Source)
	at javax.swing.plaf.basic.BasicListUI.getPreferredSize(Unknown Source)
	at javax.swing.JComponent.getPreferredSize(Unknown Source)
	at javax.swing.ScrollPaneLayout.layoutContainer(Unknown Source)
	at java.awt.Container.layout(Unknown Source)
	at java.awt.Container.doLayout(Unknown Source)
	at java.awt.Container.validateTree(Unknown Source)
	at java.awt.Container.validate(Unknown Source)
	at javax.swing.RepaintManager$3.run(Unknown Source)
	at javax.swing.RepaintManager$3.run(Unknown Source)
	at java.security.AccessController.doPrivileged(Native Method)
	at java.security.ProtectionDomain$JavaSecurityAccessImpl.doIntersectionPrivilege(Unknown Source)
	at javax.swing.RepaintManager.validateInvalidComponents(Unknown Source)
	at javax.swing.RepaintManager$ProcessingRunnable.run(Unknown Source)
	at java.awt.event.InvocationEvent.dispatch(Unknown Source)
	at java.awt.EventQueue.dispatchEventImpl(Unknown Source)
	at java.awt.EventQueue.access$500(Unknown Source)
	at java.awt.EventQueue$3.run(Unknown Source)
	at java.awt.EventQueue$3.run(Unknown Source)
	at java.security.AccessController.doPrivileged(Native Method)
	at java.security.ProtectionDomain$JavaSecurityAccessImpl.doIntersectionPrivilege(Unknown Source)
	at java.awt.EventQueue.dispatchEvent(Unknown Source)
	at java.awt.EventDispatchThread.pumpOneEventForFilters(Unknown Source)
	at java.awt.EventDispatchThread.pumpEventsForFilter(Unknown Source)
	at java.awt.EventDispatchThread.pumpEventsForHierarchy(Unknown Source)
	at java.awt.EventDispatchThread.pumpEvents(Unknown Source)
	at java.awt.EventDispatchThread.pumpEvents(Unknown Source)
	at java.awt.EventDispatchThread.run(Unknown Source)
t(Unknown Source)
	at javax.swing.JComponent.paintToOffscreen(Unknown Source)
	at javax.swing.RepaintManager$PaintManager.paintDoubleBuffered(Unknown Source)
	at javax.swing.RepaintManager$PaintManager.paint(Unknown Source)
	at javax.swing.RepaintManager.paint(Unknown Source)
	at javax.swing.JComponent._paintImmediately(Unknown Source)
	at javax.swing.JComponent.paintImmediately(Unknown Source)
	at javax.swing.RepaintManager$4.run(Unknown Source)
	at javax.swing.RepaintManager$4.run(Unknown Source)
	at java.security.AccessController.doPrivileged(Native Method)
	at java.security.ProtectionDomain$JavaSecurityAccessImpl.doIntersectionPrivilege(Unknown Source)
	at javax.swing.RepaintManager.paintDirtyRegions(Unknown Source)
	at javax.swing.RepaintManager.paintDirtyRegions(Unknown Source)
	at javax.swing.RepaintManager.prePaintDirtyRegions(Unknown Source)
	at javax.swing.RepaintManager.access$1200(Unknown Source)
	at javax.swing.RepaintManager$ProcessingRunnable.run(Unknown Source)
	at java.awt.event.InvocationEvent.dispatch(Unknown Source)
	at java.awt.EventQueue.dispatchEventImpl(Unknown Source)
	at java.awt.EventQueue.access$500(Unknown Source)
	at java.awt.EventQueue$3.run(Unknown Source)
	at java.awt.EventQueue$3.run(Unknown Source)
	at java.security.AccessController.doPrivileged(Native Method)
	at java.security.ProtectionDomain$JavaSecurityAccessImpl.doIntersectionPrivilege(Unknown Source)
	at java.awt.EventQueue.dispatchEvent(Unknown Source)
	at java.awt.EventDispatchThread.pumpOneEventForFilters(Unknown Source)
	at java.awt.EventDispatchThread.pumpEventsForFilter(Unknown Source)
	at java.awt.EventDispatchThread.pumpEventsForHierarchy(Unknown Source)
	at java.awt.EventDispatchThread.pumpEvents(Unknown Source)
	at java.awt.EventDispatchThread.pumpEvents(Unknown Source)
	at java.awt.EventDispatchThread.run(Unknown Source)
